<?xml version="1.0" encoding="UTF-8"?>
<!-- Generated by org.testng.reporters.JUnitReportReporter -->
<testsuite hostname="LAPTOP-9JB0BLCJ" failures="0" tests="3" name="get.GetAPIClass" time="5.529" errors="0" timestamp="2025-05-12T17:35:39 CDT" skipped="0">
  <testcase classname="get.GetAPIClass" name="getUser" time="4.101"/>
  <testcase classname="get.GetAPIClass" name="createUser" time="1.010"/>
  <testcase classname="get.GetAPIClass" name="updateUser" time="0.418"/>
</testsuite> <!-- get.GetAPIClass -->
