<?xml version="1.0" encoding="UTF-8"?>
<!-- Generated by org.testng.reporters.JUnitReportReporter -->
<testsuite hostname="LAPTOP-9JB0BLCJ" failures="0" tests="4" name="api.test.DataDrivenUserTests" time="4.861" errors="0" timestamp="2025-05-15T17:17:39 CDT" skipped="0">
  <testcase classname="api.test.DataDrivenUserTests" name="testPostUser" time="0.576"/>
  <testcase classname="api.test.DataDrivenUserTests" name="testPostUser" time="3.076"/>
  <testcase classname="api.test.DataDrivenUserTests" name="testGetUserByUserName" time="0.534"/>
  <testcase classname="api.test.DataDrivenUserTests" name="testGetUserByUserName" time="0.675"/>
</testsuite> <!-- api.test.DataDrivenUserTests -->
